#Start(1689568719854)

  Warning number 27
  /Users/nithin.n/Documents/Nithin_github/MyNotes/rescript/src/learning/abstract.res:29:14

  27 ┆         Js.log(a ++ " " ++ b)
  28 ┆     )
  29 ┆     |T2({c,d})=> ()
  30 ┆ }
  31 ┆ ()

  unused variable c.


  Warning number 27
  /Users/nithin.n/Documents/Nithin_github/MyNotes/rescript/src/learning/abstract.res:29:16

  27 ┆         Js.log(a ++ " " ++ b)
  28 ┆     )
  29 ┆     |T2({c,d})=> ()
  30 ┆ }
  31 ┆ ()

  unused variable d.


  Warning number 27
  /Users/nithin.n/Documents/Nithin_github/MyNotes/rescript/src/juspay/Demo.res:50:12-14

  48 ┆ | None => 
  49 ┆ Js.log("the element is not found")
  50 ┆ | Some(ele)=>
  51 ┆ Js.log("the element is found")
  52 ┆ 

  unused variable ele.


  Warning number 27
  /Users/nithin.n/Documents/Nithin_github/MyNotes/rescript/src/juspay/Demo.res:124:42-46

  122 │ 
  123 │ @send external addEventListner : (Dom.element,string,Dom.event=>unit)=
      │ >unit="addEventListner"
  124 │ requestButton->addEventListner( "click",(event)=>{
  125 │     let success=(. _:string)=>(. result:string)=>(. )=>{
  126 │     logger(. "external")(. "Response from microapp2!")(. String(result
      │ ))

  unused variable event.


  Warning number 27
  /Users/nithin.n/Documents/Nithin_github/MyNotes/rescript/src/juspay/assignment.res:50:12-14

  48 ┆ | None => 
  49 ┆ Js.log("the element is not found")
  50 ┆ | Some(ele)=>
  51 ┆ Js.log("the element is found")
  52 ┆ 

  unused variable ele.


  Warning number 27
  /Users/nithin.n/Documents/Nithin_github/MyNotes/rescript/src/juspay/assignment.res:122:42-46

  120 │ 
  121 │ @send external addEventListner : (Dom.element,string,Dom.event=>unit)=
      │ >unit="addEventListner"
  122 │ requestButton->addEventListner( "click",(event)=>{
  123 │ 
  124 │     let success=(. code:string)=>(. result:string)=>(. )=>{

  unused variable event.


  Warning number 26
  /Users/nithin.n/Documents/Nithin_github/MyNotes/rescript/src/juspay/assignment.res:124:9-15

  122 │ requestButton->addEventListner( "click",(event)=>{
  123 │ 
  124 │     let success=(. code:string)=>(. result:string)=>(. )=>{
  125 │     logger(. "external")(. "Response from microapp2!")(. String(result
      │ ))
  126 │ 

  unused variable success.


  Warning number 27
  /Users/nithin.n/Documents/Nithin_github/MyNotes/rescript/src/juspay/assignment.res:124:20-23

  122 │ requestButton->addEventListner( "click",(event)=>{
  123 │ 
  124 │     let success=(. code:string)=>(. result:string)=>(. )=>{
  125 │     logger(. "external")(. "Response from microapp2!")(. String(result
      │ ))
  126 │ 

  unused variable code.

#Done(1689568719928)
